<?xml version="1.0" encoding="UTF-8"?>
<testng-results ignored="0" total="1" passed="1" failed="0" skipped="0">
  <reporter-output>
  </reporter-output>
  <suite started-at="2023-06-29T19:28:05 IST" name="Default suite" finished-at="2023-06-29T19:29:01 IST" duration-ms="56392">
    <groups>
      <group name="cucumber">
        <method signature="AbstractTestNGCucumberTests.runScenario(io.cucumber.testng.PickleWrapper,io.cucumber.testng.FeatureWrapper)[pri:0, instance:runner.users.UsersRunner@2cb4893b]" name="runScenario" class="io.cucumber.testng.AbstractTestNGCucumberTests"/>
      </group> <!-- cucumber -->
    </groups>
    <test started-at="2023-06-29T19:28:05 IST" name="Default test" finished-at="2023-06-29T19:29:01 IST" duration-ms="56392">
      <class name="runner.users.UsersRunner">
        <test-method is-config="true" signature="setUpClass(org.testng.ITestContext)[pri:0, instance:runner.users.UsersRunner@2cb4893b]" started-at="2023-06-29T19:28:05 IST" name="setUpClass" finished-at="2023-06-29T19:28:06 IST" duration-ms="1004" status="PASS">
          <params>
            <param index="0">
              <value>
                <![CDATA[org.testng.TestRunner@35e357b]]>
              </value>
            </param>
          </params>
          <reporter-output>
          </reporter-output>
        </test-method> <!-- setUpClass -->
        <test-method signature="runScenario(io.cucumber.testng.PickleWrapper,io.cucumber.testng.FeatureWrapper)[pri:0, instance:runner.users.UsersRunner@2cb4893b]" started-at="2023-06-29T19:28:06 IST" name="runScenario" description="Runs Cucumber Scenarios" data-provider="scenarios" finished-at="2023-06-29T19:29:00 IST" duration-ms="54782" status="PASS">
          <params>
            <param index="0">
              <value>
                <![CDATA["Create Client Collegiate"]]>
              </value>
            </param>
            <param index="1">
              <value>
                <![CDATA["Create User"]]>
              </value>
            </param>
          </params>
          <reporter-output>
          </reporter-output>
        </test-method> <!-- runScenario -->
        <test-method is-config="true" signature="tearDownClass()[pri:0, instance:runner.users.UsersRunner@2cb4893b]" started-at="2023-06-29T19:29:00 IST" name="tearDownClass" finished-at="2023-06-29T19:29:01 IST" duration-ms="518" status="PASS">
          <reporter-output>
          </reporter-output>
        </test-method> <!-- tearDownClass -->
      </class> <!-- runner.users.UsersRunner -->
    </test> <!-- Default test -->
  </suite> <!-- Default suite -->
</testng-results>
